<?xml version="1.0" encoding="UTF-8"?>
<testsuite xmlns:xsi="http://www.w3.org/2001/XMLSchema-instance" xsi:noNamespaceSchemaLocation="https://maven.apache.org/surefire/maven-surefire-plugin/xsd/surefire-test-report.xsd" name="testRunner.testRunner" time="2.073" tests="2" errors="2" skipped="0" failures="0">
  <properties>
[...]
</properties>
  <testcase name="Login to flipkart page" classname="Juspay test" time="1.072">
    <error message="io.github.bonigarcia.wdm.config.WebDriverManagerException: No proper candidate URL to download geckodriver 0.36.0-linux" type="io.github.bonigarcia.wdm.config.WebDriverManagerException">io.github.bonigarcia.wdm.config.WebDriverManagerException: io.github.bonigarcia.wdm.config.WebDriverManagerException: No proper candidate URL to download geckodriver 0.36.0-linux
Caused by: io.github.bonigarcia.wdm.config.WebDriverManagerException: No proper candidate URL to download geckodriver 0.36.0-linux
</error>
    <system-err><![CDATA[318 [main] INFO io.github.bonigarcia.wdm.WebDriverManager - Using geckodriver 0.36.0-linux (resolved driver for Firefox 136)
338 [main] INFO io.github.bonigarcia.wdm.WebDriverManager - Reading https://raw.githubusercontent.com/bonigarcia/webdrivermanager/master/docs/mirror/geckodriver to seek geckodriver
785 [main] WARN io.github.bonigarcia.wdm.WebDriverManager - There was an error managing geckodriver 0.36.0-linux (No proper candidate URL to download geckodriver 0.36.0-linux) ... trying again using latest driver stored in cache
787 [main] INFO io.github.bonigarcia.wdm.WebDriverManager - Using geckodriver 0.36.0-linux (resolved driver for Firefox 136)
793 [main] INFO io.github.bonigarcia.wdm.WebDriverManager - Reading https://raw.githubusercontent.com/bonigarcia/webdrivermanager/master/docs/mirror/geckodriver to seek geckodriver
858 [main] ERROR io.github.bonigarcia.wdm.WebDriverManager - There was an error managing geckodriver 0.36.0-linux (No proper candidate URL to download geckodriver 0.36.0-linux)
io.github.bonigarcia.wdm.config.WebDriverManagerException: No proper candidate URL to download geckodriver 0.36.0-linux
	at io.github.bonigarcia.wdm.online.UrlHandler.getCandidateUrl(UrlHandler.java:287)
	at io.github.bonigarcia.wdm.WebDriverManager.download(WebDriverManager.java:1263)
	at io.github.bonigarcia.wdm.WebDriverManager.manage(WebDriverManager.java:1178)
	at io.github.bonigarcia.wdm.WebDriverManager.fallback(WebDriverManager.java:1431)
	at io.github.bonigarcia.wdm.WebDriverManager.handleException(WebDriverManager.java:1409)
	at io.github.bonigarcia.wdm.WebDriverManager.manage(WebDriverManager.java:1184)
	at io.github.bonigarcia.wdm.WebDriverManager.setup(WebDriverManager.java:421)
	at stepDefnition.jusypay.i_initialize_drivers_for_DCS_automation(jusypay.java:31)
	at java.base/jdk.internal.reflect.DirectMethodHandleAccessor.invoke(DirectMethodHandleAccessor.java:103)
	at java.base/java.lang.reflect.Method.invoke(Method.java:580)
	at io.cucumber.java.Invoker.invoke(Invoker.java:27)
	at io.cucumber.java.JavaHookDefinition.execute(JavaHookDefinition.java:61)
	at io.cucumber.core.runner.CoreHookDefinition.execute(CoreHookDefinition.java:31)
	at io.cucumber.core.runner.HookDefinitionMatch.runStep(HookDefinitionMatch.java:20)
	at io.cucumber.core.runner.TestStep.executeStep(TestStep.java:64)
	at io.cucumber.core.runner.TestStep.run(TestStep.java:49)
	at io.cucumber.core.runner.TestCase.run(TestCase.java:47)
	at io.cucumber.core.runner.Runner.runPickle(Runner.java:67)
	at io.cucumber.junit.PickleRunners$NoStepDescriptions.run(PickleRunners.java:149)
	at io.cucumber.junit.FeatureRunner.runChild(FeatureRunner.java:83)
	at io.cucumber.junit.FeatureRunner.runChild(FeatureRunner.java:24)
	at org.junit.runners.ParentRunner$3.run(ParentRunner.java:238)
	at org.junit.runners.ParentRunner$1.schedule(ParentRunner.java:63)
	at org.junit.runners.ParentRunner.runChildren(ParentRunner.java:236)
	at org.junit.runners.ParentRunner.access$000(ParentRunner.java:53)
	at org.junit.runners.ParentRunner$2.evaluate(ParentRunner.java:229)
	at org.junit.runners.ParentRunner.run(ParentRunner.java:309)
	at io.cucumber.junit.Cucumber.runChild(Cucumber.java:185)
	at io.cucumber.junit.Cucumber.runChild(Cucumber.java:83)
	at org.junit.runners.ParentRunner$3.run(ParentRunner.java:238)
	at org.junit.runners.ParentRunner$1.schedule(ParentRunner.java:63)
	at org.junit.runners.ParentRunner.runChildren(ParentRunner.java:236)
	at org.junit.runners.ParentRunner.access$000(ParentRunner.java:53)
	at org.junit.runners.ParentRunner$2.evaluate(ParentRunner.java:229)
	at io.cucumber.junit.Cucumber$RunCucumber.evaluate(Cucumber.java:219)
	at org.junit.runners.ParentRunner.run(ParentRunner.java:309)
	at org.apache.maven.surefire.junit4.JUnit4Provider.execute(JUnit4Provider.java:365)
	at org.apache.maven.surefire.junit4.JUnit4Provider.executeWithRerun(JUnit4Provider.java:273)
	at org.apache.maven.surefire.junit4.JUnit4Provider.executeTestSet(JUnit4Provider.java:238)
	at org.apache.maven.surefire.junit4.JUnit4Provider.invoke(JUnit4Provider.java:159)
	at org.apache.maven.surefire.booter.ForkedBooter.invokeProviderInSameClassLoader(ForkedBooter.java:384)
	at org.apache.maven.surefire.booter.ForkedBooter.runSuitesInProcess(ForkedBooter.java:345)
	at org.apache.maven.surefire.booter.ForkedBooter.execute(ForkedBooter.java:126)
	at org.apache.maven.surefire.booter.ForkedBooter.main(ForkedBooter.java:418)
]]></system-err>
  </testcase>
  <testcase name="Login to flipkart page" classname="Juspay test" time="0.325">
    <error message="io.github.bonigarcia.wdm.config.WebDriverManagerException: No proper candidate URL to download geckodriver 0.36.0-linux" type="io.github.bonigarcia.wdm.config.WebDriverManagerException">io.github.bonigarcia.wdm.config.WebDriverManagerException: io.github.bonigarcia.wdm.config.WebDriverManagerException: No proper candidate URL to download geckodriver 0.36.0-linux
Caused by: io.github.bonigarcia.wdm.config.WebDriverManagerException: No proper candidate URL to download geckodriver 0.36.0-linux
</error>
    <system-err><![CDATA[906 [main] INFO io.github.bonigarcia.wdm.WebDriverManager - Using geckodriver 0.36.0-linux (resolved driver for Firefox 136)
911 [main] INFO io.github.bonigarcia.wdm.WebDriverManager - Reading https://raw.githubusercontent.com/bonigarcia/webdrivermanager/master/docs/mirror/geckodriver to seek geckodriver
1136 [main] WARN io.github.bonigarcia.wdm.WebDriverManager - There was an error managing geckodriver 0.36.0-linux (No proper candidate URL to download geckodriver 0.36.0-linux) ... trying again using latest driver stored in cache
1138 [main] INFO io.github.bonigarcia.wdm.WebDriverManager - Using geckodriver 0.36.0-linux (resolved driver for Firefox 136)
1144 [main] INFO io.github.bonigarcia.wdm.WebDriverManager - Reading https://raw.githubusercontent.com/bonigarcia/webdrivermanager/master/docs/mirror/geckodriver to seek geckodriver
1214 [main] ERROR io.github.bonigarcia.wdm.WebDriverManager - There was an error managing geckodriver 0.36.0-linux (No proper candidate URL to download geckodriver 0.36.0-linux)
io.github.bonigarcia.wdm.config.WebDriverManagerException: No proper candidate URL to download geckodriver 0.36.0-linux
	at io.github.bonigarcia.wdm.online.UrlHandler.getCandidateUrl(UrlHandler.java:287)
	at io.github.bonigarcia.wdm.WebDriverManager.download(WebDriverManager.java:1263)
	at io.github.bonigarcia.wdm.WebDriverManager.manage(WebDriverManager.java:1178)
	at io.github.bonigarcia.wdm.WebDriverManager.fallback(WebDriverManager.java:1431)
	at io.github.bonigarcia.wdm.WebDriverManager.handleException(WebDriverManager.java:1409)
	at io.github.bonigarcia.wdm.WebDriverManager.manage(WebDriverManager.java:1184)
	at io.github.bonigarcia.wdm.WebDriverManager.setup(WebDriverManager.java:421)
	at stepDefnition.jusypay.i_initialize_drivers_for_DCS_automation(jusypay.java:31)
	at java.base/jdk.internal.reflect.DirectMethodHandleAccessor.invoke(DirectMethodHandleAccessor.java:103)
	at java.base/java.lang.reflect.Method.invoke(Method.java:580)
	at io.cucumber.java.Invoker.invoke(Invoker.java:27)
	at io.cucumber.java.JavaHookDefinition.execute(JavaHookDefinition.java:61)
	at io.cucumber.core.runner.CoreHookDefinition.execute(CoreHookDefinition.java:31)
	at io.cucumber.core.runner.HookDefinitionMatch.runStep(HookDefinitionMatch.java:20)
	at io.cucumber.core.runner.TestStep.executeStep(TestStep.java:64)
	at io.cucumber.core.runner.TestStep.run(TestStep.java:49)
	at io.cucumber.core.runner.TestCase.run(TestCase.java:47)
	at io.cucumber.core.runner.Runner.runPickle(Runner.java:67)
	at io.cucumber.junit.PickleRunners$NoStepDescriptions.run(PickleRunners.java:149)
	at io.cucumber.junit.FeatureRunner.runChild(FeatureRunner.java:83)
	at io.cucumber.junit.FeatureRunner.runChild(FeatureRunner.java:24)
	at org.junit.runners.ParentRunner$3.run(ParentRunner.java:238)
	at org.junit.runners.ParentRunner$1.schedule(ParentRunner.java:63)
	at org.junit.runners.ParentRunner.runChildren(ParentRunner.java:236)
	at org.junit.runners.ParentRunner.access$000(ParentRunner.java:53)
	at org.junit.runners.ParentRunner$2.evaluate(ParentRunner.java:229)
	at org.junit.runners.ParentRunner.run(ParentRunner.java:309)
	at io.cucumber.junit.Cucumber.runChild(Cucumber.java:185)
	at io.cucumber.junit.Cucumber.runChild(Cucumber.java:83)
	at org.junit.runners.ParentRunner$3.run(ParentRunner.java:238)
	at org.junit.runners.ParentRunner$1.schedule(ParentRunner.java:63)
	at org.junit.runners.ParentRunner.runChildren(ParentRunner.java:236)
	at org.junit.runners.ParentRunner.access$000(ParentRunner.java:53)
	at org.junit.runners.ParentRunner$2.evaluate(ParentRunner.java:229)
	at io.cucumber.junit.Cucumber$RunCucumber.evaluate(Cucumber.java:219)
	at org.junit.runners.ParentRunner.run(ParentRunner.java:309)
	at org.apache.maven.surefire.junit4.JUnit4Provider.execute(JUnit4Provider.java:365)
	at org.apache.maven.surefire.junit4.JUnit4Provider.executeWithRerun(JUnit4Provider.java:273)
	at org.apache.maven.surefire.junit4.JUnit4Provider.executeTestSet(JUnit4Provider.java:238)
	at org.apache.maven.surefire.junit4.JUnit4Provider.invoke(JUnit4Provider.java:159)
	at org.apache.maven.surefire.booter.ForkedBooter.invokeProviderInSameClassLoader(ForkedBooter.java:384)
	at org.apache.maven.surefire.booter.ForkedBooter.runSuitesInProcess(ForkedBooter.java:345)
	at org.apache.maven.surefire.booter.ForkedBooter.execute(ForkedBooter.java:126)
	at org.apache.maven.surefire.booter.ForkedBooter.main(ForkedBooter.java:418)
]]></system-err>
  </testcase>
</testsuite>